This is XeTeX, Version 3.14159265-2.6-0.99996 (TeX Live 2016/Arch Linux) (preloaded format=xelatex 2017.5.24)  12 JUN 2017 13:42
entering extended mode
 restricted \write18 enabled.
 %&-line parsing enabled.
**poisson_distribution.tex
(./poisson_distribution.tex
LaTeX2e <2017/01/01> patch level 3
Babel <3.9r> and hyphenation patterns for 83 language(s) loaded.
! Undefined control sequence.
l.1 \section
            *{Poisson Distribution}
? x
 
Here is how much of TeX's memory you used:
 4 strings out of 493068
 94 string characters out of 6141028
 55792 words of memory out of 5000000
 4024 multiletter control sequences out of 15000+600000
 3640 words of font info for 14 fonts, out of 8000000 for 9000
 1347 hyphenation exceptions out of 8191
 5i,0n,1p,60b,8s stack positions out of 5000i,500n,10000p,200000b,80000s
No pages of output.
